2014-02-09 10:58:00,285 [10] DEBUG  
********************************************************************************

2014-02-09 10:58:00,307 [10] DEBUG  
Main's runnin'...

2014-02-09 10:58:00,314 [10] DEBUG  
write something here: I did something...
2014-02-09 10:58:00,316 [10] DEBUG  Unable to process MyFakeService.DoSomething
surveyId: 1
token: 123
Error Message!
2014-02-09 10:58:00,317 [10] DEBUG  
write something here: I did something else...
2014-02-09 10:58:00,318 [10] DEBUG  Unable to process MyOtherService.DoSomethingElse
surveyId: 1
token: 456
Other Message!
2014-02-09 10:58:00,319 [10] DEBUG  
Main's done'...

2014-02-09 10:58:00,319 [10] DEBUG  
********************************************************************************

